<?xml version="1.0" encoding="UTF-8"?>
<!-- Generated by org.testng.reporters.JUnitReportReporter -->
<testsuite hostname="DESKTOP-63PRPP0" name="testsuite.Testcase1" tests="3" failures="0" timestamp="14 Apr 2021 12:32:38 GMT" time="0.016" errors="0">
  <testcase name="test1" time="0.002" classname="testsuite.Testcase1"/>
  <testcase name="othertest" time="0.001" classname="testsuite.Testcase1"/>
  <testcase name="test2" time="0.013" classname="testsuite.Testcase1"/>
</testsuite>
