<?xml version="1.0" encoding="UTF-8"?>
<!-- Generated by org.testng.reporters.JUnitReportReporter -->
<testsuite hostname="DESKTOP-63PRPP0" name="testsuite.Testcase2" tests="2" failures="0" timestamp="14 Apr 2021 12:32:38 GMT" time="0.002" errors="0">
  <testcase name="test3" time="0.001" classname="testsuite.Testcase2"/>
  <testcase name="test4" time="0.001" classname="testsuite.Testcase2"/>
</testsuite>
