<?xml version="1.0" encoding="UTF-8"?>
<!-- Generated by org.testng.reporters.JUnitReportReporter -->
<testsuite hostname="DESKTOP-63PRPP0" failures="0" tests="3" name="testsuite.Testcase1" time="0.025" errors="0" timestamp="14 Apr 2021 07:10:18 GMT">
  <testcase classname="testsuite.Testcase1" name="othertest" time="0.002"/>
  <testcase classname="testsuite.Testcase1" name="test1" time="0.004"/>
  <testcase classname="testsuite.Testcase1" name="test2" time="0.019"/>
</testsuite>
