<?xml version="1.0" encoding="UTF-8"?>
<!-- Generated by org.testng.reporters.JUnitReportReporter -->
<testsuite skipped="0" hostname="DESKTOP-63PRPP0" name="testsuite.ApachePOI" tests="1" failures="0" timestamp="2021-04-14T21:25:10 IST" time="20.953" errors="0">
  <testcase name="Login" time="20.953" classname="testsuite.ApachePOI"/>
  <system-out/>
</testsuite> <!-- testsuite.ApachePOI -->
