<?xml version="1.0" encoding="UTF-8"?>
<!-- Generated by org.testng.reporters.JUnitReportReporter -->
<testsuite hostname="DESKTOP-63PRPP0" failures="0" tests="2" name="testsuite.Testcase2" time="0.012" errors="0" timestamp="14 Apr 2021 07:39:31 GMT">
  <testcase classname="testsuite.Testcase2" name="test3" time="0.008"/>
  <testcase classname="testsuite.Testcase2" name="test4" time="0.004"/>
</testsuite>
