<?xml version="1.0" encoding="UTF-8"?>
<!-- Generated by org.testng.reporters.JUnitReportReporter -->
<testsuite skipped="0" hostname="DESKTOP-63PRPP0" name="testsuite.ParallelTest" tests="2" failures="0" timestamp="2021-04-14T22:16:20 IST" time="23.566" errors="0">
  <testcase name="ChromeTest" time="7.445" classname="testsuite.ParallelTest"/>
  <system-out/>
  <testcase name="FirefoxTest" time="16.121" classname="testsuite.ParallelTest"/>
  <system-out/>
</testsuite> <!-- testsuite.ParallelTest -->
