<?xml version="1.0" encoding="UTF-8"?>
<!-- Generated by org.testng.reporters.JUnitReportReporter -->
<testsuite skipped="0" hostname="DESKTOP-63PRPP0" name="testsuite.LoginTest" tests="1" failures="0" timestamp="2021-04-15T01:09:10 IST" time="18.734" errors="0">
  <testcase name="Login" time="18.734" classname="testsuite.LoginTest"/>
  <system-out/>
</testsuite> <!-- testsuite.LoginTest -->
